#
# There is insufficient memory for the Java Runtime Environment to continue.
# Native memory allocation (malloc) failed to allocate 32744 bytes for ChunkPool::allocate
# Possible reasons:
#   The system is out of physical RAM or swap space
#   In 32 bit mode, the process size limit was hit
# Possible solutions:
#   Reduce memory load on the system
#   Increase physical memory or swap space
#   Check if swap backing store is full
#   Use 64 bit Java on a 64 bit OS
#   Decrease Java heap size (-Xmx/-Xms)
#   Decrease number of Java threads
#   Decrease Java thread stack sizes (-Xss)
#   Set larger code cache with -XX:ReservedCodeCacheSize=
# This output file may be truncated or incomplete.
#
#  Out of Memory Error (allocation.cpp:273), pid=32480, tid=0x0000000000006cb0
#
# JRE version: Java(TM) SE Runtime Environment (8.0_101-b13) (build 1.8.0_101-b13)
# Java VM: Java HotSpot(TM) 64-Bit Server VM (25.101-b13 mixed mode windows-amd64 compressed oops)
# Failed to write core dump. Minidumps are not enabled by default on client versions of Windows
#

---------------  T H R E A D  ---------------

Current thread (0x000000001c7e4800):  JavaThread "C2 CompilerThread0" daemon [_thread_in_native, id=27824, stack(0x000000001de60000,0x000000001df60000)]

Stack: [0x000000001de60000,0x000000001df60000]
[error occurred during error reporting (printing stack bounds), id 0xc0000005]

Native frames: (J=compiled Java code, j=interpreted, Vv=VM code, C=native code)


Current CompileTask:
C2:11329776 11164       4       org.hibernate.internal.SessionImpl::instantiate (53 bytes)


---------------  P R O C E S S  ---------------

Java Threads: ( => current thread )
  0x0000000021ba3000 JavaThread "DestroyJavaVM" [_thread_blocked, id=27708, stack(0x0000000002f40000,0x0000000003040000)]
  0x0000000022119000 JavaThread "http-nio-8080-Acceptor" daemon [_thread_in_native, id=9436, stack(0x00000000295b0000,0x00000000296b0000)]
  0x000000002211d800 JavaThread "http-nio-8080-ClientPoller" daemon [_thread_in_native, id=6108, stack(0x00000000294b0000,0x00000000295b0000)]
  0x000000002211f000 JavaThread "http-nio-8080-exec-10" daemon [_thread_blocked, id=20928, stack(0x00000000293b0000,0x00000000294b0000)]
  0x000000002211c000 JavaThread "http-nio-8080-exec-9" daemon [_thread_in_native, id=31160, stack(0x00000000292b0000,0x00000000293b0000)]
  0x000000002211d000 JavaThread "http-nio-8080-exec-8" daemon [_thread_blocked, id=21152, stack(0x00000000291b0000,0x00000000292b0000)]
  0x000000002211b800 JavaThread "http-nio-8080-exec-7" daemon [_thread_blocked, id=32744, stack(0x00000000290b0000,0x00000000291b0000)]
  0x0000000022118800 JavaThread "http-nio-8080-exec-6" daemon [_thread_in_Java, id=24960, stack(0x0000000028d70000,0x0000000028e70000)]
  0x000000002211e800 JavaThread "http-nio-8080-exec-5" daemon [_thread_blocked, id=4156, stack(0x0000000028c70000,0x0000000028d70000)]
  0x000000002156d800 JavaThread "http-nio-8080-exec-4" daemon [_thread_in_native, id=23844, stack(0x0000000028b70000,0x0000000028c70000)]
  0x000000001fb97000 JavaThread "http-nio-8080-exec-3" daemon [_thread_blocked, id=31644, stack(0x0000000028a70000,0x0000000028b70000)]
  0x000000001ef06800 JavaThread "http-nio-8080-exec-2" daemon [_thread_blocked, id=27144, stack(0x0000000028970000,0x0000000028a70000)]
  0x0000000021b2b000 JavaThread "http-nio-8080-exec-1" daemon [_thread_in_native, id=26416, stack(0x0000000028870000,0x0000000028970000)]
  0x000000001fc10800 JavaThread "http-nio-8080-BlockPoller" daemon [_thread_in_native, id=10792, stack(0x0000000026710000,0x0000000026810000)]
  0x00000000233db800 JavaThread "HikariPool-1 housekeeper" daemon [_thread_blocked, id=18796, stack(0x0000000026510000,0x0000000026610000)]
  0x000000001eb69000 JavaThread "MySQL Statement Cancellation Timer" daemon [_thread_blocked, id=11644, stack(0x0000000026120000,0x0000000026220000)]
  0x0000000021b2a800 JavaThread "container-0" [_thread_blocked, id=28840, stack(0x0000000025c20000,0x0000000025d20000)]
  0x0000000023d3f000 JavaThread "Catalina-utility-2" [_thread_blocked, id=28756, stack(0x0000000025b20000,0x0000000025c20000)]
  0x000000001ffc9800 JavaThread "Catalina-utility-1" [_thread_blocked, id=29128, stack(0x0000000025a20000,0x0000000025b20000)]
  0x000000001c83e800 JavaThread "Service Thread" daemon [_thread_blocked, id=24968, stack(0x000000001e560000,0x000000001e660000)]
  0x000000001c7ef800 JavaThread "C1 CompilerThread2" daemon [_thread_blocked, id=27096, stack(0x000000001e060000,0x000000001e160000)]
  0x000000001c7e6800 JavaThread "C2 CompilerThread1" daemon [_thread_in_native, id=11780, stack(0x000000001df60000,0x000000001e060000)]
=>0x000000001c7e4800 JavaThread "C2 CompilerThread0" daemon [_thread_in_native, id=27824, stack(0x000000001de60000,0x000000001df60000)]
  0x000000001c7e2800 JavaThread "Attach Listener" daemon [_thread_blocked, id=22880, stack(0x000000001dd60000,0x000000001de60000)]
  0x000000001c7e1800 JavaThread "Signal Dispatcher" daemon [_thread_blocked, id=31400, stack(0x000000001dc60000,0x000000001dd60000)]
  0x000000000320e000 JavaThread "Finalizer" daemon [_thread_blocked, id=13820, stack(0x000000001da40000,0x000000001db40000)]
  0x0000000003205000 JavaThread "Reference Handler" daemon [_thread_blocked, id=16720, stack(0x000000001d940000,0x000000001da40000)]

Other Threads:
  0x000000001c7a7800 VMThread [stack: 0x000000001d840000,0x000000001d940000] [id=17844]
  0x000000001e1f5000 WatcherThread [stack: 0x000000001e660000,0x000000001e760000] [id=31728]

VM state:not at safepoint (normal execution)

VM Mutex/Monitor currently owned by a thread: None

Heap:
 PSYoungGen      total 433664K, used 209488K [0x000000076b400000, 0x0000000788f00000, 0x00000007c0000000)
  eden space 418816K, 46% used [0x000000076b400000,0x00000007772917a0,0x0000000784d00000)
  from space 14848K, 96% used [0x0000000788080000,0x0000000788e82a30,0x0000000788f00000)
  to   space 18944K, 0% used [0x0000000786a00000,0x0000000786a00000,0x0000000787c80000)
 ParOldGen       total 212480K, used 27014K [0x00000006c1c00000, 0x00000006ceb80000, 0x000000076b400000)
  object space 212480K, 12% used [0x00000006c1c00000,0x00000006c3661b30,0x00000006ceb80000)
 Metaspace       used 67691K, capacity 71554K, committed 71848K, reserved 1112064K
  class space    used 8914K, capacity 9527K, committed 9648K, reserved 1048576K

Card table byte_map: [0x00000000125d0000,0x0000000012dd0000] byte_map_base: 0x000000000efc2000

Marking Bits: (ParMarkBitMap*) 0x00000000528aa6d0
 Begin Bits: [0x0000000013720000, 0x00000000176b0000)
 End Bits:   [0x00000000176b0000, 0x000000001b640000)

Polling page: 0x0000000001520000

CodeCache: size=245760Kb used=32440Kb max_used=32452Kb free=213319Kb
 bounds [0x0000000003210000, 0x0000000005200000, 0x0000000012210000]
 total_blobs=10351 nmethods=9779 adapters=482
 compilation: enabled

Compilation events (10 events):
Event: 11324.588 Thread 0x000000001c7e4800 nmethod 11157 0x00000000045c0c50 code [0x00000000045c0da0, 0x00000000045c0e78]
Event: 11324.593 Thread 0x000000001c7e6800 nmethod 11158 0x0000000005193990 code [0x0000000005193b40, 0x0000000005193ed0]
Event: 11324.599 Thread 0x000000001c7e4800 11160   !   4       org.hibernate.property.access.spi.GetterFieldImpl::get (191 bytes)
Event: 11324.611 Thread 0x000000001c7e4800 nmethod 11160 0x00000000051b2b10 code [0x00000000051b2cc0, 0x00000000051b3410]
Event: 11329.605 Thread 0x000000001c7e4800 11161       4       org.springframework.security.web.FilterChainProxy$VirtualFilterChain::doFilter (198 bytes)
Event: 11329.615 Thread 0x000000001c7e4800 nmethod 11161 0x00000000051b1990 code [0x00000000051b1b40, 0x00000000051b2068]
Event: 11329.618 Thread 0x000000001c7ef800 11162       1       org.hibernate.type.EntityType::deepCopy (2 bytes)
Event: 11329.618 Thread 0x000000001c7ef800 nmethod 11162 0x00000000039e3190 code [0x00000000039e32e0, 0x00000000039e33f0]
Event: 11329.709 Thread 0x000000001c7e6800 11163       4       org.hibernate.internal.SessionImpl::instantiate (21 bytes)
Event: 11329.709 Thread 0x000000001c7e4800 11164       4       org.hibernate.internal.SessionImpl::instantiate (53 bytes)

GC Heap History (10 events):
Event: 6.005 GC heap before
{Heap before GC invocations=7 (full 2):
 PSYoungGen      total 189952K, used 9343K [0x000000076b400000, 0x000000077f280000, 0x00000007c0000000)
  eden space 179200K, 0% used [0x000000076b400000,0x000000076b400000,0x0000000776300000)
  from space 10752K, 86% used [0x0000000776300000,0x0000000776c1ffa0,0x0000000776d80000)
  to   space 14848K, 0% used [0x000000077e400000,0x000000077e400000,0x000000077f280000)
 ParOldGen       total 116736K, used 13950K [0x00000006c1c00000, 0x00000006c8e00000, 0x000000076b400000)
  object space 116736K, 11% used [0x00000006c1c00000,0x00000006c299fb70,0x00000006c8e00000)
 Metaspace       used 33607K, capacity 35424K, committed 35496K, reserved 1079296K
  class space    used 4384K, capacity 4730K, committed 4784K, reserved 1048576K
Event: 6.102 GC heap after
Heap after GC invocations=7 (full 2):
 PSYoungGen      total 189952K, used 0K [0x000000076b400000, 0x000000077f280000, 0x00000007c0000000)
  eden space 179200K, 0% used [0x000000076b400000,0x000000076b400000,0x0000000776300000)
  from space 10752K, 0% used [0x0000000776300000,0x0000000776300000,0x0000000776d80000)
  to   space 14848K, 0% used [0x000000077e400000,0x000000077e400000,0x000000077f280000)
 ParOldGen       total 158208K, used 14772K [0x00000006c1c00000, 0x00000006cb680000, 0x000000076b400000)
  object space 158208K, 9% used [0x00000006c1c00000,0x00000006c2a6d108,0x00000006cb680000)
 Metaspace       used 33607K, capacity 35424K, committed 35496K, reserved 1079296K
  class space    used 4384K, capacity 4730K, committed 4784K, reserved 1048576K
}
Event: 8.922 GC heap before
{Heap before GC invocations=8 (full 2):
 PSYoungGen      total 189952K, used 179200K [0x000000076b400000, 0x000000077f280000, 0x00000007c0000000)
  eden space 179200K, 100% used [0x000000076b400000,0x0000000776300000,0x0000000776300000)
  from space 10752K, 0% used [0x0000000776300000,0x0000000776300000,0x0000000776d80000)
  to   space 14848K, 0% used [0x000000077e400000,0x000000077e400000,0x000000077f280000)
 ParOldGen       total 158208K, used 14772K [0x00000006c1c00000, 0x00000006cb680000, 0x000000076b400000)
  object space 158208K, 9% used [0x00000006c1c00000,0x00000006c2a6d108,0x00000006cb680000)
 Metaspace       used 50127K, capacity 52194K, committed 52648K, reserved 1095680K
  class space    used 6857K, capacity 7245K, committed 7344K, reserved 1048576K
Event: 8.941 GC heap after
Heap after GC invocations=8 (full 2):
 PSYoungGen      total 304128K, used 14839K [0x000000076b400000, 0x000000077f280000, 0x00000007c0000000)
  eden space 289280K, 0% used [0x000000076b400000,0x000000076b400000,0x000000077ce80000)
  from space 14848K, 99% used [0x000000077e400000,0x000000077f27ddf0,0x000000077f280000)
  to   space 18432K, 0% used [0x000000077ce80000,0x000000077ce80000,0x000000077e080000)
 ParOldGen       total 158208K, used 18067K [0x00000006c1c00000, 0x00000006cb680000, 0x000000076b400000)
  object space 158208K, 11% used [0x00000006c1c00000,0x00000006c2da4e10,0x00000006cb680000)
 Metaspace       used 50127K, capacity 52194K, committed 52648K, reserved 1095680K
  class space    used 6857K, capacity 7245K, committed 7344K, reserved 1048576K
}
Event: 11.352 GC heap before
{Heap before GC invocations=9 (full 2):
 PSYoungGen      total 304128K, used 163276K [0x000000076b400000, 0x000000077f280000, 0x00000007c0000000)
  eden space 289280K, 51% used [0x000000076b400000,0x00000007744f5468,0x000000077ce80000)
  from space 14848K, 99% used [0x000000077e400000,0x000000077f27ddf0,0x000000077f280000)
  to   space 18432K, 0% used [0x000000077ce80000,0x000000077ce80000,0x000000077e080000)
 ParOldGen       total 158208K, used 18067K [0x00000006c1c00000, 0x00000006cb680000, 0x000000076b400000)
  object space 158208K, 11% used [0x00000006c1c00000,0x00000006c2da4e10,0x00000006cb680000)
 Metaspace       used 56189K, capacity 59114K, committed 59160K, reserved 1099776K
  class space    used 7619K, capacity 8105K, committed 8112K, reserved 1048576K
Event: 11.375 GC heap after
Heap after GC invocations=9 (full 2):
 PSYoungGen      total 307712K, used 14551K [0x000000076b400000, 0x0000000789300000, 0x00000007c0000000)
  eden space 289280K, 0% used [0x000000076b400000,0x000000076b400000,0x000000077ce80000)
  from space 18432K, 78% used [0x000000077ce80000,0x000000077dcb5ef0,0x000000077e080000)
  to   space 18944K, 0% used [0x0000000788080000,0x0000000788080000,0x0000000789300000)
 ParOldGen       total 158208K, used 18075K [0x00000006c1c00000, 0x00000006cb680000, 0x000000076b400000)
  object space 158208K, 11% used [0x00000006c1c00000,0x00000006c2da6e10,0x00000006cb680000)
 Metaspace       used 56189K, capacity 59114K, committed 59160K, reserved 1099776K
  class space    used 7619K, capacity 8105K, committed 8112K, reserved 1048576K
}
Event: 11.375 GC heap before
{Heap before GC invocations=10 (full 3):
 PSYoungGen      total 307712K, used 14551K [0x000000076b400000, 0x0000000789300000, 0x00000007c0000000)
  eden space 289280K, 0% used [0x000000076b400000,0x000000076b400000,0x000000077ce80000)
  from space 18432K, 78% used [0x000000077ce80000,0x000000077dcb5ef0,0x000000077e080000)
  to   space 18944K, 0% used [0x0000000788080000,0x0000000788080000,0x0000000789300000)
 ParOldGen       total 158208K, used 18075K [0x00000006c1c00000, 0x00000006cb680000, 0x000000076b400000)
  object space 158208K, 11% used [0x00000006c1c00000,0x00000006c2da6e10,0x00000006cb680000)
 Metaspace       used 56189K, capacity 59114K, committed 59160K, reserved 1099776K
  class space    used 7619K, capacity 8105K, committed 8112K, reserved 1048576K
Event: 11.562 GC heap after
Heap after GC invocations=10 (full 3):
 PSYoungGen      total 307712K, used 0K [0x000000076b400000, 0x0000000789300000, 0x00000007c0000000)
  eden space 289280K, 0% used [0x000000076b400000,0x000000076b400000,0x000000077ce80000)
  from space 18432K, 0% used [0x000000077ce80000,0x000000077ce80000,0x000000077e080000)
  to   space 18944K, 0% used [0x0000000788080000,0x0000000788080000,0x0000000789300000)
 ParOldGen       total 212480K, used 27006K [0x00000006c1c00000, 0x00000006ceb80000, 0x000000076b400000)
  object space 212480K, 12% used [0x00000006c1c00000,0x00000006c365fb30,0x00000006ceb80000)
 Metaspace       used 56189K, capacity 59114K, committed 59160K, reserved 1099776K
  class space    used 7619K, capacity 8105K, committed 8112K, reserved 1048576K
}
Event: 5635.394 GC heap before
{Heap before GC invocations=11 (full 3):
 PSYoungGen      total 307712K, used 289280K [0x000000076b400000, 0x0000000789300000, 0x00000007c0000000)
  eden space 289280K, 100% used [0x000000076b400000,0x000000077ce80000,0x000000077ce80000)
  from space 18432K, 0% used [0x000000077ce80000,0x000000077ce80000,0x000000077e080000)
  to   space 18944K, 0% used [0x0000000788080000,0x0000000788080000,0x0000000789300000)
 ParOldGen       total 212480K, used 27006K [0x00000006c1c00000, 0x00000006ceb80000, 0x000000076b400000)
  object space 212480K, 12% used [0x00000006c1c00000,0x00000006c365fb30,0x00000006ceb80000)
 Metaspace       used 64561K, capacity 68180K, committed 68264K, reserved 1107968K
  class space    used 8811K, capacity 9368K, committed 9392K, reserved 1048576K
Event: 5635.548 GC heap after
Heap after GC invocations=11 (full 3):
 PSYoungGen      total 433664K, used 14346K [0x000000076b400000, 0x0000000788f00000, 0x00000007c0000000)
  eden space 418816K, 0% used [0x000000076b400000,0x000000076b400000,0x0000000784d00000)
  from space 14848K, 96% used [0x0000000788080000,0x0000000788e82a30,0x0000000788f00000)
  to   space 18944K, 0% used [0x0000000786a00000,0x0000000786a00000,0x0000000787c80000)
 ParOldGen       total 212480K, used 27014K [0x00000006c1c00000, 0x00000006ceb80000, 0x000000076b400000)
  object space 212480K, 12% used [0x00000006c1c00000,0x00000006c3661b30,0x00000006ceb80000)
 Metaspace       used 64561K, capacity 68180K, committed 68264K, reserved 1107968K
  class space    used 8811K, capacity 9368K, committed 9392K, reserved 1048576K
}

Deoptimization events (10 events):
Event: 11243.286 Thread 0x000000002211e800 Uncommon trap: reason=unstable_if action=reinterpret pc=0x000000000401fc38 method=com.mysql.jdbc.MysqlIO.nextRowFast([Lcom/mysql/jdbc/Field;IZIZZZ)Lcom/mysql/jdbc/ResultSetRow; @ 713
Event: 11243.308 Thread 0x000000002211f000 Uncommon trap: reason=unstable_if action=reinterpret pc=0x00000000037867c0 method=java.util.concurrent.locks.ReentrantReadWriteLock$Sync.tryAcquireShared(I)I @ 60
Event: 11243.309 Thread 0x0000000021b2b000 Uncommon trap: reason=unstable_if action=reinterpret pc=0x000000000473cdf4 method=java.util.concurrent.locks.ReentrantReadWriteLock$Sync.tryReleaseShared(I)Z @ 135
Event: 11243.312 Thread 0x000000002211f000 Uncommon trap: reason=unstable_if action=reinterpret pc=0x0000000004553fbc method=java.util.concurrent.locks.ReentrantReadWriteLock$Sync.tryReleaseShared(I)Z @ 9
Event: 11255.443 Thread 0x000000001ef06800 Uncommon trap: reason=bimorphic action=maybe_recompile pc=0x00000000048f8308 method=java.lang.ThreadLocal.set(Ljava/lang/Object;)V @ 6
Event: 11255.454 Thread 0x000000001ef06800 Uncommon trap: reason=bimorphic action=maybe_recompile pc=0x00000000048f8308 method=java.lang.ThreadLocal.set(Ljava/lang/Object;)V @ 6
Event: 11255.465 Thread 0x000000001ef06800 Uncommon trap: reason=bimorphic action=maybe_recompile pc=0x00000000048f8308 method=java.lang.ThreadLocal.set(Ljava/lang/Object;)V @ 6
Event: 11261.005 Thread 0x000000002211e800 Uncommon trap: reason=bimorphic action=maybe_recompile pc=0x00000000048f8308 method=java.lang.ThreadLocal.set(Ljava/lang/Object;)V @ 6
Event: 11261.005 Thread 0x000000002211b800 Uncommon trap: reason=bimorphic action=maybe_recompile pc=0x00000000048f8308 method=java.lang.ThreadLocal.set(Ljava/lang/Object;)V @ 6
Event: 11278.355 Thread 0x000000002211b800 Uncommon trap: reason=null_check action=make_not_entrant pc=0x00000000050f6bec method=org.apache.catalina.connector.Request.doGetSession(Z)Lorg/apache/catalina/Session; @ 224

Internal exceptions (10 events):
Event: 5635.297 Thread 0x000000002156d800 Exception <a 'java/lang/ClassNotFoundException': java/lang/ObjectCustomizer> (0x000000077ccef270) thrown at [C:\re\workspace\8-2-build-windows-amd64-cygwin\jdk8u101\7261\hotspot\src\share\vm\classfile\systemDictionary.cpp, line 210]
Event: 5635.299 Thread 0x000000002156d800 Exception <a 'java/lang/ClassNotFoundException': com/example/demo/entity/TechniciensCustomizer> (0x000000077cd09a68) thrown at [C:\re\workspace\8-2-build-windows-amd64-cygwin\jdk8u101\7261\hotspot\src\share\vm\classfile\systemDictionary.cpp, line 210]
Event: 7447.188 Thread 0x000000002156d800 Exception <a 'java/lang/ClassNotFoundException': java/lang/ObjectCustomizer> (0x000000076b53f7f8) thrown at [C:\re\workspace\8-2-build-windows-amd64-cygwin\jdk8u101\7261\hotspot\src\share\vm\classfile\systemDictionary.cpp, line 210]
Event: 7447.191 Thread 0x000000002156d800 Exception <a 'java/lang/ClassNotFoundException': com/example/demo/entity/OperateursCustomizer> (0x000000076b55a2f8) thrown at [C:\re\workspace\8-2-build-windows-amd64-cygwin\jdk8u101\7261\hotspot\src\share\vm\classfile\systemDictionary.cpp, line 210]
Event: 7490.411 Thread 0x000000001ef06800 Exception <a 'java/lang/ClassNotFoundException': java/lang/ObjectCustomizer> (0x000000076c823818) thrown at [C:\re\workspace\8-2-build-windows-amd64-cygwin\jdk8u101\7261\hotspot\src\share\vm\classfile\systemDictionary.cpp, line 210]
Event: 7490.413 Thread 0x000000001ef06800 Exception <a 'java/lang/ClassNotFoundException': com/example/demo/entity/DepartementCustomizer> (0x000000076c83dd00) thrown at [C:\re\workspace\8-2-build-windows-amd64-cygwin\jdk8u101\7261\hotspot\src\share\vm\classfile\systemDictionary.cpp, line 210]
Event: 7490.496 Thread 0x000000001ef06800 Exception <a 'java/lang/reflect/InvocationTargetException'> (0x000000076dbf7ab0) thrown at [C:\re\workspace\8-2-build-windows-amd64-cygwin\jdk8u101\7261\hotspot\src\share\vm\runtime\reflection.cpp, line 1092]
Event: 8110.083 Thread 0x000000002211b800 Exception <a 'java/lang/reflect/InvocationTargetException'> (0x000000076bfb8bb8) thrown at [C:\re\workspace\8-2-build-windows-amd64-cygwin\jdk8u101\7261\hotspot\src\share\vm\runtime\reflection.cpp, line 1092]
Event: 8114.100 Thread 0x000000002211d000 Exception <a 'java/lang/reflect/InvocationTargetException'> (0x000000076def26d0) thrown at [C:\re\workspace\8-2-build-windows-amd64-cygwin\jdk8u101\7261\hotspot\src\share\vm\runtime\reflection.cpp, line 1092]
Event: 11278.355 Thread 0x000000002211b800 Implicit null exception at 0x00000000050f3c64 to 0x00000000050f6bcd

Events (10 events):
Event: 11282.998 Thread 0x000000001c7ef800 flushing nmethod 0x000000000401ef90
Event: 11283.026 Thread 0x000000001c7ef800 flushing nmethod 0x0000000004148dd0
Event: 11283.031 Thread 0x000000001c7ef800 flushing nmethod 0x00000000043299d0
Event: 11283.031 Thread 0x000000001c7ef800 flushing nmethod 0x0000000004330d90
Event: 11283.032 Thread 0x000000001c7ef800 flushing nmethod 0x000000000440e690
Event: 11283.033 Thread 0x000000001c7ef800 flushing nmethod 0x0000000004553dd0
Event: 11283.033 Thread 0x000000001c7ef800 flushing nmethod 0x000000000456bb10
Event: 11283.033 Thread 0x000000001c7ef800 flushing nmethod 0x00000000045c0c50
Event: 11283.034 Thread 0x000000001c7ef800 flushing nmethod 0x000000000473cbd0
Event: 11283.038 Thread 0x000000001c7ef800 flushing nmethod 0x0000000004869750


Dynamic libraries:
0x00007ff6a5950000 - 0x00007ff6a5987000 	C:\Program Files\Java\jdk1.8.0_101\bin\java.exe
0x00007ffd1c960000 - 0x00007ffd1cb4d000 	C:\WINDOWS\SYSTEM32\ntdll.dll
0x00007ffd19d00000 - 0x00007ffd19db3000 	C:\WINDOWS\System32\KERNEL32.DLL
0x00007ffd18f30000 - 0x00007ffd191c3000 	C:\WINDOWS\System32\KERNELBASE.dll
0x00007ffd1c6c0000 - 0x00007ffd1c763000 	C:\WINDOWS\System32\ADVAPI32.dll
0x00007ffd19be0000 - 0x00007ffd19c7e000 	C:\WINDOWS\System32\msvcrt.dll
0x00007ffd1ae00000 - 0x00007ffd1ae9e000 	C:\WINDOWS\System32\sechost.dll
0x00007ffd19f40000 - 0x00007ffd1a062000 	C:\WINDOWS\System32\RPCRT4.dll
0x00007ffd1a2d0000 - 0x00007ffd1a467000 	C:\WINDOWS\System32\USER32.dll
0x00007ffd19b60000 - 0x00007ffd19b80000 	C:\WINDOWS\System32\win32u.dll
0x00007ffd19ef0000 - 0x00007ffd19f19000 	C:\WINDOWS\System32\GDI32.dll
0x00007ffd18a20000 - 0x00007ffd18bb9000 	C:\WINDOWS\System32\gdi32full.dll
0x00007ffd18bc0000 - 0x00007ffd18c60000 	C:\WINDOWS\System32\msvcp_win.dll
0x00007ffd18d30000 - 0x00007ffd18e2a000 	C:\WINDOWS\System32\ucrtbase.dll
0x00007ffd0c640000 - 0x00007ffd0c8b9000 	C:\WINDOWS\WinSxS\amd64_microsoft.windows.common-controls_6595b64144ccf1df_6.0.17763.1098_none_de762ed45346ee8a\COMCTL32.dll
0x00007ffd1aad0000 - 0x00007ffd1adfc000 	C:\WINDOWS\System32\combase.dll
0x00007ffd18cb0000 - 0x00007ffd18d2e000 	C:\WINDOWS\System32\bcryptPrimitives.dll
0x00007ffd1a8f0000 - 0x00007ffd1a91e000 	C:\WINDOWS\System32\IMM32.DLL
0x00000000533c0000 - 0x0000000053492000 	C:\Program Files\Java\jdk1.8.0_101\jre\bin\msvcr100.dll
0x0000000052090000 - 0x000000005292a000 	C:\Program Files\Java\jdk1.8.0_101\jre\bin\server\jvm.dll
0x00007ffd1aea0000 - 0x00007ffd1aea8000 	C:\WINDOWS\System32\PSAPI.DLL
0x00007ffd0d780000 - 0x00007ffd0d7a4000 	C:\WINDOWS\SYSTEM32\WINMM.dll
0x00007ffd12da0000 - 0x00007ffd12daa000 	C:\WINDOWS\SYSTEM32\VERSION.dll
0x00007ffd174d0000 - 0x00007ffd174d9000 	C:\WINDOWS\SYSTEM32\WSOCK32.dll
0x00007ffd1a240000 - 0x00007ffd1a2ad000 	C:\WINDOWS\System32\WS2_32.dll
0x00007ffd0d750000 - 0x00007ffd0d77d000 	C:\WINDOWS\SYSTEM32\WINMMBASE.dll
0x00007ffd18c60000 - 0x00007ffd18caa000 	C:\WINDOWS\System32\cfgmgr32.dll
0x00000000533b0000 - 0x00000000533bf000 	C:\Program Files\Java\jdk1.8.0_101\jre\bin\verify.dll
0x0000000053300000 - 0x0000000053329000 	C:\Program Files\Java\jdk1.8.0_101\jre\bin\java.dll
0x0000000053390000 - 0x00000000533a6000 	C:\Program Files\Java\jdk1.8.0_101\jre\bin\zip.dll
0x00007ffd1af80000 - 0x00007ffd1c474000 	C:\WINDOWS\System32\SHELL32.dll
0x00007ffd19e40000 - 0x00007ffd19ee8000 	C:\WINDOWS\System32\shcore.dll
0x00007ffd19410000 - 0x00007ffd19b5d000 	C:\WINDOWS\System32\windows.storage.dll
0x00007ffd18990000 - 0x00007ffd189b4000 	C:\WINDOWS\System32\profapi.dll
0x00007ffd189c0000 - 0x00007ffd18a1d000 	C:\WINDOWS\System32\powrprof.dll
0x00007ffd1a1e0000 - 0x00007ffd1a232000 	C:\WINDOWS\System32\shlwapi.dll
0x00007ffd18970000 - 0x00007ffd18981000 	C:\WINDOWS\System32\kernel.appcore.dll
0x00007ffd18e30000 - 0x00007ffd18e47000 	C:\WINDOWS\System32\cryptsp.dll
0x00000000532d0000 - 0x00000000532dd000 	C:\Program Files\Java\jdk1.8.0_101\jre\bin\management.dll
0x00000000532e0000 - 0x00000000532fa000 	C:\Program Files\Java\jdk1.8.0_101\jre\bin\net.dll
0x00007ffd18160000 - 0x00007ffd181c7000 	C:\WINDOWS\system32\mswsock.dll
0x00007ffcf5670000 - 0x00007ffcf5686000 	C:\WINDOWS\system32\napinsp.dll
0x00007ffcf5650000 - 0x00007ffcf566a000 	C:\WINDOWS\system32\pnrpnsp.dll
0x00007ffd17ec0000 - 0x00007ffd17f86000 	C:\WINDOWS\SYSTEM32\DNSAPI.dll
0x00007ffd1a2b0000 - 0x00007ffd1a2b8000 	C:\WINDOWS\System32\NSI.dll
0x00007ffd17e80000 - 0x00007ffd17ebd000 	C:\WINDOWS\SYSTEM32\IPHLPAPI.DLL
0x00007ffcf55e0000 - 0x00007ffcf55ee000 	C:\WINDOWS\System32\winrnr.dll
0x00007ffd14cd0000 - 0x00007ffd14ceb000 	C:\WINDOWS\system32\NLAapi.dll
0x00007ffd0ea50000 - 0x00007ffd0ea65000 	C:\WINDOWS\system32\wshbth.dll
0x00007ffd0ccb0000 - 0x00007ffd0ccba000 	C:\Windows\System32\rasadhlp.dll
0x00007ffd0cdc0000 - 0x00007ffd0ce39000 	C:\WINDOWS\System32\fwpuclnt.dll
0x00007ffd18e50000 - 0x00007ffd18e76000 	C:\WINDOWS\System32\bcrypt.dll
0x0000000052070000 - 0x0000000052081000 	C:\Program Files\Java\jdk1.8.0_101\jre\bin\nio.dll
0x00007ffd17ce0000 - 0x00007ffd17d13000 	C:\WINDOWS\system32\rsaenh.dll
0x00007ffd18850000 - 0x00007ffd18878000 	C:\WINDOWS\SYSTEM32\USERENV.dll
0x00007ffd18330000 - 0x00007ffd1833c000 	C:\WINDOWS\SYSTEM32\CRYPTBASE.dll
0x00007ffd11570000 - 0x00007ffd11586000 	C:\WINDOWS\SYSTEM32\dhcpcsvc6.DLL
0x00007ffd130d0000 - 0x00007ffd130ec000 	C:\WINDOWS\SYSTEM32\dhcpcsvc.DLL

VM Arguments:
java_command: com.example.demo.ServeurTpmApplication
java_class_path (initial): E:\Business Intelligence Alpicam\ServeurTPM\target\classes;C:\Users\Casimir\.m2\repository\org\springframework\boot\spring-boot-starter-data-rest\2.2.2.RELEASE\spring-boot-starter-data-rest-2.2.2.RELEASE.jar;C:\Users\Casimir\.m2\repository\org\springframework\data\spring-data-rest-webmvc\3.2.3.RELEASE\spring-data-rest-webmvc-3.2.3.RELEASE.jar;C:\Users\Casimir\.m2\repository\org\springframework\data\spring-data-rest-core\3.2.3.RELEASE\spring-data-rest-core-3.2.3.RELEASE.jar;C:\Users\Casimir\.m2\repository\org\springframework\hateoas\spring-hateoas\1.0.2.RELEASE\spring-hateoas-1.0.2.RELEASE.jar;C:\Users\Casimir\.m2\repository\org\springframework\plugin\spring-plugin-core\2.0.0.RELEASE\spring-plugin-core-2.0.0.RELEASE.jar;C:\Users\Casimir\.m2\repository\org\atteo\evo-inflector\1.2.2\evo-inflector-1.2.2.jar;C:\Users\Casimir\.m2\repository\com\fasterxml\jackson\core\jackson-databind\2.10.1\jackson-databind-2.10.1.jar;C:\Users\Casimir\.m2\repository\com\fasterxml\jackson\core\jackson-annotations\2.10.1\jackson-annotations-2.10.1.jar;C:\Users\Casimir\.m2\repository\org\slf4j\slf4j-api\1.7.29\slf4j-api-1.7.29.jar;C:\Users\Casimir\.m2\repository\com\fasterxml\jackson\jaxrs\jackson-jaxrs-json-provider\2.10.1\jackson-jaxrs-json-provider-2.10.1.jar;C:\Users\Casimir\.m2\repository\com\fasterxml\jackson\jaxrs\jackson-jaxrs-base\2.10.1\jackson-jaxrs-base-2.10.1.jar;C:\Users\Casimir\.m2\repository\com\fasterxml\jackson\core\jackson-core\2.10.1\jackson-core-2.10.1.jar;C:\Users\Casimir\.m2\repository\com\fasterxml\jackson\module\jackson-module-jaxb-annotations\2.10.1\jackson-module-jaxb-annotations-2.10.1.jar;C:\Users\Casimir\.m2\repository\org\springframework\boot\spring-boot-starter\2.2.2.RELEASE\spring-boot-starter-2.2.2.RELEASE.jar;C:\Users\Casimir\.m2\repository\org\springframework\boot\spring-boot\2.2.2.RELEASE\spring-boot-2.2.2.RELEASE.jar;C:\Users\Casimir\.m2\repository\org\springframework\boot\spring-boot-autoconfigure\2.2.2.RELEASE\spring-boot-a
Launcher Type: SUN_STANDARD

Environment Variables:
JAVA_HOME=C:\Program Files\Java\jdk1.8.0_101
PATH=C:\ProgramData\Oracle\Java\javapath;C:\Program Files (x86)\Common Files\Intel\Shared Files\cpp\bin\Intel64;C:\Program Files (x86)\Common Files\Oracle\Java\javapath;C:\WINDOWS\system32;C:\WINDOWS;C:\WINDOWS\System32\Wbem;C:\WINDOWS\System32\WindowsPowerShell\v1.0\;F:\Composer;C:\Program Files\Microsoft SQL Server\Client SDK\ODBC\130\Tools\Binn\;C:\Program Files (x86)\Microsoft SQL Server\140\Tools\Binn\;C:\Program Files\Microsoft SQL Server\140\Tools\Binn\;C:\Program Files\Microsoft SQL Server\140\DTS\Binn\;C:\Program Files\dotnet\;C:\Program Files\Microsoft SQL Server\130\Tools\Binn\;C:\ProgramData\ComposerSetup\bin;F:\Git\cmd;C:\Tools\Java\jdk1.8.0_172\bin;F:\Microsoft VS Code\bin;C:\WINDOWS\System32\OpenSSH\;C:\wamp\bin\php\php7.2.4;C:\Users\Casimir\Downloads\Compressed\redis;F:\nodejs\;C:\Users\Casimir\AppData\Local\Microsoft\WindowsApps;F:\Microsoft VS Code\bin;C:\Users\Casimir\AppData\Roaming\Composer\vendor\bin;C:\Program Files (x86)\ant\bin;C:\mongodb\bin;C:\Users\Casimir\AppData\Roaming\npm;F:\flutter\flutter-master\bin;
USERNAME=Casimir
OS=Windows_NT
PROCESSOR_IDENTIFIER=Intel64 Family 6 Model 78 Stepping 3, GenuineIntel



---------------  S Y S T E M  ---------------

OS: Windows 10.0 , 64 bit Build 17763 (10.0.17763.475)

CPU:total 4 (2 cores per cpu, 2 threads per core) family 6 model 78 stepping 3, cmov, cx8, fxsr, mmx, sse, sse2, sse3, ssse3, sse4.1, sse4.2, popcnt, avx, avx2, aes, clmul, erms, 3dnowpref, lzcnt, ht, tsc, tscinvbit, bmi1, bmi2, adx

Memory: 4k page, physical 16656800k(1842972k free), swap 32097516k(756k free)

vm_info: Java HotSpot(TM) 64-Bit Server VM (25.101-b13) for windows-amd64 JRE (1.8.0_101-b13), built on Jun 22 2016 01:21:29 by "java_re" with MS VC++ 10.0 (VS2010)

time: Mon Apr 13 00:52:35 2020
elapsed time: 11329 seconds (0d 3h 8m 49s)

